<?xml version="1.0" encoding="UTF-8"?>
<testsuite name="com.bridegelabz.userValidationTest" tests="1" skipped="0" failures="0" errors="0" timestamp="2020-06-18T19:52:02" hostname="SAIPRASAD-PC" time="0.002">
  <properties/>
  <testcase name="givenPasswordWithAtLeastOneUpperCaseWhenAllLowerCaseShouldReturnFalse" classname="com.bridegelabz.userValidationTest" time="0.002"/>
  <system-out><![CDATA[]]></system-out>
  <system-err><![CDATA[]]></system-err>
</testsuite>
