<?xml version="1.0" encoding="UTF-8"?>
<testsuite name="com.bridegelabz.userValidationTest" tests="1" skipped="0" failures="0" errors="0" timestamp="2020-06-18T19:22:49" hostname="SAIPRASAD-PC" time="0.003">
  <properties/>
  <testcase name="givenEmailIdWhenNotProperShouldReturnFalse" classname="com.bridegelabz.userValidationTest" time="0.003"/>
  <system-out><![CDATA[]]></system-out>
  <system-err><![CDATA[]]></system-err>
</testsuite>
